2023-04-22 18:00:01,084- INFO - Server Started
2023-04-22 18:01:54,943- INFO - Connected with client 127.0.0.1
2023-04-22 18:01:54,945- INFO - Read file Success
2023-04-22 18:03:57,370- INFO - Admin login Successful
2023-04-22 18:55:28,699- INFO - Server Started
2023-04-22 18:55:32,281- INFO - Connected with client 127.0.0.1
2023-04-22 18:55:32,282- INFO - Read file Success
2023-04-22 18:55:36,614- INFO - Admin login Successful
2023-04-22 18:55:38,312- INFO - Read file Success
2023-04-22 18:59:09,499- INFO - Server Started
2023-04-22 18:59:12,961- INFO - Connected with client 127.0.0.1
2023-04-22 18:59:12,962- INFO - Read file Success
2023-04-22 18:59:18,359- INFO - Admin login Successful
2023-04-22 18:59:19,960- INFO - Read file Success
2023-04-22 19:00:41,548- INFO - Server Started
2023-04-22 19:00:43,006- INFO - Connected with client 127.0.0.1
2023-04-22 19:00:43,008- INFO - Read file Success
2023-04-22 19:00:47,349- INFO - Admin login Successful
2023-04-22 19:00:49,079- INFO - Read file Success
2023-04-22 19:02:22,655- INFO - Server Started
2023-04-22 19:02:27,728- INFO - Connected with client 127.0.0.1
2023-04-22 19:02:27,729- INFO - Read file Success
2023-04-22 19:02:35,356- INFO - Admin login Successful
2023-04-22 19:02:37,805- INFO - Read file Success
2023-04-22 19:05:31,729- INFO - Server Started
2023-04-22 19:05:33,711- INFO - Connected with client 127.0.0.1
2023-04-22 19:05:33,713- INFO - Read file Success
2023-04-22 19:05:40,065- INFO - Admin login Successful
2023-04-22 19:05:41,579- INFO - Read file Success
2023-04-22 19:05:49,328- INFO - Write file Success
2023-04-22 19:05:49,332- INFO - Write file Success
2023-04-22 19:08:16,557- INFO - Server Started
2023-04-22 19:08:18,279- INFO - Connected with client 127.0.0.1
2023-04-22 19:08:18,280- INFO - Read file Success
2023-04-22 19:08:22,208- INFO - Admin login Successful
2023-04-22 19:08:24,187- INFO - Read file Success
2023-04-22 19:08:32,554- INFO - Write file Success
2023-04-22 19:08:32,558- INFO - Write file Success
2023-04-22 19:08:32,559- INFO - Admin added check check as Teacher
2023-04-22 21:28:05,863- INFO - Server Started
2023-04-22 21:35:17,430- INFO - Server Started
2023-04-22 21:35:20,667- INFO - Connected with client 127.0.0.1
2023-04-22 21:35:20,670- INFO - Read file Success
2023-04-22 21:35:25,460- INFO - Admin login Successful
2023-04-22 21:35:31,386- INFO - Read file Success
2023-04-22 21:36:20,955- INFO - Write file Success
2023-04-22 21:36:20,957- INFO - Write file Success
2023-04-22 21:36:20,957- INFO - Admin added hanish  as Student
2023-04-22 21:36:41,713- INFO - Connected with client 127.0.0.1
2023-04-22 21:36:41,715- INFO - Read file Success
2023-04-22 21:37:02,125- INFO - Admin login Successful
2023-04-22 21:37:05,080- INFO - Read file Success
2023-04-22 21:37:30,215- INFO - Write file Success
2023-04-22 21:37:54,613- INFO - Connected with client 127.0.0.1
2023-04-22 21:37:54,613- INFO - Read file Success
2023-04-22 21:37:58,583- INFO - Read file Success
